<?xml version="1.0" encoding="UTF-8"?>
<!-- Generated by org.testng.reporters.JUnitReportReporter -->
<testsuite skipped="2" hostname="DESKTOP-SHS08M3" name="whatsup.WhatsUpTesting" tests="3" failures="0" timestamp="15 Dec 2018 15:56:23 GMT" time="0.000" errors="1">
  <testcase name="initilize" time="0.000" classname="whatsup.WhatsUpTesting">
    <error type="org.testng.TestNGException" message="
Parameter &#039;UDID&#039; is required by BeforeTest on method initilize but has not been marked @Optional or defined
in C:\Users\sunil\AppData\Local\Temp\testng-eclipse--630839375\testng-customsuite.xml">
      <![CDATA[org.testng.TestNGException: Parameter 'UDID' is required by BeforeTest on method initilize but has not been marked @Optional or definedin C:\Users\sunil\AppData\Local\Temp\testng-eclipse--630839375\testng-customsuite.xmlat org.testng.internal.Parameters.createParams(Parameters.java:290)at org.testng.internal.Parameters.createParametersForMethod(Parameters.java:359)at org.testng.internal.Parameters.createParameters(Parameters.java:620)at org.testng.internal.Parameters.createConfigurationParameters(Parameters.java:190)at org.testng.internal.Invoker.invokeConfigurations(Invoker.java:209)at org.testng.internal.Invoker.invokeConfigurations(Invoker.java:142)at org.testng.TestRunner.beforeRun(TestRunner.java:529)at org.testng.TestRunner.run(TestRunner.java:497)at org.testng.SuiteRunner.runTest(SuiteRunner.java:455)at org.testng.SuiteRunner.runSequentially(SuiteRunner.java:450)at org.testng.SuiteRunner.privateRun(SuiteRunner.java:415)at org.testng.SuiteRunner.run(SuiteRunner.java:364)at org.testng.SuiteRunnerWorker.runSuite(SuiteRunnerWorker.java:52)at org.testng.SuiteRunnerWorker.run(SuiteRunnerWorker.java:84)at org.testng.TestNG.runSuitesSequentially(TestNG.java:1187)at org.testng.TestNG.runSuitesLocally(TestNG.java:1116)at org.testng.TestNG.runSuites(TestNG.java:1028)at org.testng.TestNG.run(TestNG.java:996)at org.testng.remote.AbstractRemoteTestNG.run(AbstractRemoteTestNG.java:114)at org.testng.remote.RemoteTestNG.initAndRun(RemoteTestNG.java:251)at org.testng.remote.RemoteTestNG.main(RemoteTestNG.java:77)]]>
    </error>
  </testcase> <!-- initilize -->
  <testcase name="test" time="0.000" classname="whatsup.WhatsUpTesting">
    <skipped/>
  </testcase> <!-- test -->
  <testcase name="navigate" time="0.000" classname="whatsup.WhatsUpTesting">
    <skipped/>
  </testcase> <!-- navigate -->
</testsuite> <!-- whatsup.WhatsUpTesting -->
